10:14:34.251 [main] INFO  c.f.FlightAgencyClientApplication - Starting FlightAgencyClientApplication using Java 17.0.8 with PID 21956 (D:\FlightAgencyClient\target\classes started by F.Almasian in D:\FlightAgencyClient)
10:14:34.253 [main] INFO  c.f.FlightAgencyClientApplication - No active profile set, falling back to 1 default profile: "default"
10:14:34.843 [main] INFO  o.s.b.w.e.tomcat.TomcatWebServer - Tomcat initialized with port(s): 8081 (http)
10:14:34.849 [main] INFO  o.a.coyote.http11.Http11NioProtocol - Initializing ProtocolHandler ["http-nio-8081"]
10:14:34.850 [main] INFO  o.a.catalina.core.StandardService - Starting service [Tomcat]
10:14:34.850 [main] INFO  o.a.catalina.core.StandardEngine - Starting Servlet engine: [Apache Tomcat/10.1.15]
10:14:34.921 [main] INFO  o.a.c.c.C.[Tomcat].[localhost].[/] - Initializing Spring embedded WebApplicationContext
10:14:34.922 [main] INFO  o.s.b.w.s.c.ServletWebServerApplicationContext - Root WebApplicationContext: initialization completed in 629 ms
10:14:35.143 [main] INFO  o.a.coyote.http11.Http11NioProtocol - Starting ProtocolHandler ["http-nio-8081"]
10:14:35.157 [main] INFO  o.s.b.w.e.tomcat.TomcatWebServer - Tomcat started on port(s): 8081 (http) with context path ''
10:14:35.163 [main] INFO  c.f.FlightAgencyClientApplication - Started FlightAgencyClientApplication in 1.138 seconds (process running for 2.048)
10:14:43.538 [main] INFO  o.s.b.a.l.ConditionEvaluationReportLogger - 

Error starting ApplicationContext. To display the condition evaluation report re-run your application with 'debug' enabled.
10:14:43.550 [main] ERROR o.s.boot.SpringApplication - Application run failed
java.lang.IllegalStateException: Failed to execute CommandLineRunner
	at org.springframework.boot.SpringApplication.callRunner(SpringApplication.java:774)
	at org.springframework.boot.SpringApplication.lambda$callRunners$3(SpringApplication.java:755)
	at java.base/java.util.stream.ForEachOps$ForEachOp$OfRef.accept(ForEachOps.java:183)
	at java.base/java.util.stream.SortedOps$SizedRefSortingSink.end(SortedOps.java:357)
	at java.base/java.util.stream.AbstractPipeline.copyInto(AbstractPipeline.java:510)
	at java.base/java.util.stream.AbstractPipeline.wrapAndCopyInto(AbstractPipeline.java:499)
	at java.base/java.util.stream.ForEachOps$ForEachOp.evaluateSequential(ForEachOps.java:150)
	at java.base/java.util.stream.ForEachOps$ForEachOp$OfRef.evaluateSequential(ForEachOps.java:173)
	at java.base/java.util.stream.AbstractPipeline.evaluate(AbstractPipeline.java:234)
	at java.base/java.util.stream.ReferencePipeline.forEach(ReferencePipeline.java:596)
	at org.springframework.boot.SpringApplication.callRunners(SpringApplication.java:750)
	at org.springframework.boot.SpringApplication.run(SpringApplication.java:323)
	at org.springframework.boot.SpringApplication.run(SpringApplication.java:1306)
	at org.springframework.boot.SpringApplication.run(SpringApplication.java:1295)
	at com.flightagencyclient.FlightAgencyClientApplication.main(FlightAgencyClientApplication.java:12)
Caused by: org.springframework.web.client.ResourceAccessException: I/O error on POST request for "http://localhost:8080/api/payment": Connection refused: connect
	at org.springframework.web.client.RestTemplate.createResourceAccessException(RestTemplate.java:888)
	at org.springframework.web.client.RestTemplate.doExecute(RestTemplate.java:868)
	at org.springframework.web.client.RestTemplate.execute(RestTemplate.java:764)
	at org.springframework.web.client.RestTemplate.exchange(RestTemplate.java:646)
	at com.flightagencyclient.client.BookingClient.pay(BookingClient.java:357)
	at com.flightagencyclient.client.BookingClient.pay(BookingClient.java:344)
	at com.flightagencyclient.client.Client.selectingItem(Client.java:48)
	at com.flightagencyclient.client.Client.process(Client.java:59)
	at com.flightagencyclient.client.MyCommandLineRunner.run(MyCommandLineRunner.java:16)
	at org.springframework.boot.SpringApplication.callRunner(SpringApplication.java:771)
	... 14 common frames omitted
Caused by: java.net.ConnectException: Connection refused: connect
	at java.base/sun.nio.ch.Net.connect0(Native Method)
	at java.base/sun.nio.ch.Net.connect(Net.java:579)
	at java.base/sun.nio.ch.Net.connect(Net.java:568)
	at java.base/sun.nio.ch.NioSocketImpl.connect(NioSocketImpl.java:588)
	at java.base/java.net.Socket.connect(Socket.java:633)
	at java.base/java.net.Socket.connect(Socket.java:583)
	at java.base/sun.net.NetworkClient.doConnect(NetworkClient.java:183)
	at java.base/sun.net.www.http.HttpClient.openServer(HttpClient.java:534)
	at java.base/sun.net.www.http.HttpClient.openServer(HttpClient.java:639)
	at java.base/sun.net.www.http.HttpClient.<init>(HttpClient.java:282)
	at java.base/sun.net.www.http.HttpClient.New(HttpClient.java:387)
	at java.base/sun.net.www.http.HttpClient.New(HttpClient.java:409)
	at java.base/sun.net.www.protocol.http.HttpURLConnection.getNewHttpClient(HttpURLConnection.java:1309)
	at java.base/sun.net.www.protocol.http.HttpURLConnection.plainConnect0(HttpURLConnection.java:1242)
	at java.base/sun.net.www.protocol.http.HttpURLConnection.plainConnect(HttpURLConnection.java:1128)
	at java.base/sun.net.www.protocol.http.HttpURLConnection.connect(HttpURLConnection.java:1057)
	at org.springframework.http.client.SimpleBufferingClientHttpRequest.executeInternal(SimpleBufferingClientHttpRequest.java:75)
	at org.springframework.http.client.AbstractBufferingClientHttpRequest.executeInternal(AbstractBufferingClientHttpRequest.java:48)
	at org.springframework.http.client.AbstractClientHttpRequest.execute(AbstractClientHttpRequest.java:66)
	at org.springframework.web.client.RestTemplate.doExecute(RestTemplate.java:862)
	... 22 common frames omitted
10:15:20.681 [main] INFO  c.f.FlightAgencyClientApplication - Starting FlightAgencyClientApplication using Java 17.0.8 with PID 11620 (D:\FlightAgencyClient\target\classes started by F.Almasian in D:\FlightAgencyClient)
10:15:20.683 [main] INFO  c.f.FlightAgencyClientApplication - No active profile set, falling back to 1 default profile: "default"
10:15:21.246 [main] INFO  o.s.b.w.e.tomcat.TomcatWebServer - Tomcat initialized with port(s): 8081 (http)
10:15:21.252 [main] INFO  o.a.coyote.http11.Http11NioProtocol - Initializing ProtocolHandler ["http-nio-8081"]
10:15:21.253 [main] INFO  o.a.catalina.core.StandardService - Starting service [Tomcat]
10:15:21.253 [main] INFO  o.a.catalina.core.StandardEngine - Starting Servlet engine: [Apache Tomcat/10.1.15]
10:15:21.320 [main] INFO  o.a.c.c.C.[Tomcat].[localhost].[/] - Initializing Spring embedded WebApplicationContext
10:15:21.321 [main] INFO  o.s.b.w.s.c.ServletWebServerApplicationContext - Root WebApplicationContext: initialization completed in 602 ms
10:15:21.809 [main] INFO  o.a.coyote.http11.Http11NioProtocol - Starting ProtocolHandler ["http-nio-8081"]
10:15:21.839 [main] INFO  o.s.b.w.e.tomcat.TomcatWebServer - Tomcat started on port(s): 8081 (http) with context path ''
10:15:21.852 [main] INFO  c.f.FlightAgencyClientApplication - Started FlightAgencyClientApplication in 1.414 seconds (process running for 2.075)
10:47:50.745 [main] INFO  c.f.FlightAgencyClientApplication - Starting FlightAgencyClientApplication using Java 17.0.8 with PID 13780 (D:\FlightAgencyClient\target\classes started by F.Almasian in D:\FlightAgencyClient)
10:47:50.747 [main] INFO  c.f.FlightAgencyClientApplication - No active profile set, falling back to 1 default profile: "default"
10:47:51.337 [main] INFO  o.s.b.w.e.tomcat.TomcatWebServer - Tomcat initialized with port(s): 8081 (http)
10:47:51.341 [main] INFO  o.a.coyote.http11.Http11NioProtocol - Initializing ProtocolHandler ["http-nio-8081"]
10:47:51.342 [main] INFO  o.a.catalina.core.StandardService - Starting service [Tomcat]
10:47:51.342 [main] INFO  o.a.catalina.core.StandardEngine - Starting Servlet engine: [Apache Tomcat/10.1.15]
10:47:51.402 [main] INFO  o.a.c.c.C.[Tomcat].[localhost].[/] - Initializing Spring embedded WebApplicationContext
10:47:51.403 [main] INFO  o.s.b.w.s.c.ServletWebServerApplicationContext - Root WebApplicationContext: initialization completed in 613 ms
10:47:51.598 [main] INFO  o.a.coyote.http11.Http11NioProtocol - Starting ProtocolHandler ["http-nio-8081"]
10:47:51.610 [main] INFO  o.s.b.w.e.tomcat.TomcatWebServer - Tomcat started on port(s): 8081 (http) with context path ''
10:47:51.616 [main] INFO  c.f.FlightAgencyClientApplication - Started FlightAgencyClientApplication in 1.204 seconds (process running for 1.842)
10:49:43.242 [main] INFO  c.f.FlightAgencyClientApplication - Starting FlightAgencyClientApplication using Java 17.0.8 with PID 11708 (D:\FlightAgencyClient\target\classes started by F.Almasian in D:\FlightAgencyClient)
10:49:43.244 [main] INFO  c.f.FlightAgencyClientApplication - No active profile set, falling back to 1 default profile: "default"
10:49:43.776 [main] INFO  o.s.b.w.e.tomcat.TomcatWebServer - Tomcat initialized with port(s): 8081 (http)
10:49:43.780 [main] INFO  o.a.coyote.http11.Http11NioProtocol - Initializing ProtocolHandler ["http-nio-8081"]
10:49:43.782 [main] INFO  o.a.catalina.core.StandardService - Starting service [Tomcat]
10:49:43.782 [main] INFO  o.a.catalina.core.StandardEngine - Starting Servlet engine: [Apache Tomcat/10.1.15]
10:49:43.843 [main] INFO  o.a.c.c.C.[Tomcat].[localhost].[/] - Initializing Spring embedded WebApplicationContext
10:49:43.843 [main] INFO  o.s.b.w.s.c.ServletWebServerApplicationContext - Root WebApplicationContext: initialization completed in 561 ms
10:49:44.044 [main] INFO  o.a.coyote.http11.Http11NioProtocol - Starting ProtocolHandler ["http-nio-8081"]
10:49:44.055 [main] INFO  o.s.b.w.e.tomcat.TomcatWebServer - Tomcat started on port(s): 8081 (http) with context path ''
10:49:44.062 [main] INFO  c.f.FlightAgencyClientApplication - Started FlightAgencyClientApplication in 1.045 seconds (process running for 2.146)
10:53:22.471 [main] INFO  c.f.FlightAgencyClientApplication - Starting FlightAgencyClientApplication using Java 17.0.8 with PID 22292 (D:\FlightAgencyClient\target\classes started by F.Almasian in D:\FlightAgencyClient)
10:53:22.473 [main] INFO  c.f.FlightAgencyClientApplication - No active profile set, falling back to 1 default profile: "default"
10:53:23.006 [main] INFO  o.s.b.w.e.tomcat.TomcatWebServer - Tomcat initialized with port(s): 8081 (http)
10:53:23.010 [main] INFO  o.a.coyote.http11.Http11NioProtocol - Initializing ProtocolHandler ["http-nio-8081"]
10:53:23.011 [main] INFO  o.a.catalina.core.StandardService - Starting service [Tomcat]
10:53:23.011 [main] INFO  o.a.catalina.core.StandardEngine - Starting Servlet engine: [Apache Tomcat/10.1.15]
10:53:23.072 [main] INFO  o.a.c.c.C.[Tomcat].[localhost].[/] - Initializing Spring embedded WebApplicationContext
10:53:23.073 [main] INFO  o.s.b.w.s.c.ServletWebServerApplicationContext - Root WebApplicationContext: initialization completed in 564 ms
10:53:23.272 [main] INFO  o.a.coyote.http11.Http11NioProtocol - Starting ProtocolHandler ["http-nio-8081"]
10:53:23.283 [main] INFO  o.s.b.w.e.tomcat.TomcatWebServer - Tomcat started on port(s): 8081 (http) with context path ''
10:53:23.290 [main] INFO  c.f.FlightAgencyClientApplication - Started FlightAgencyClientApplication in 1.054 seconds (process running for 1.752)
11:08:33.025 [main] INFO  c.f.FlightAgencyClientApplication - Starting FlightAgencyClientApplication using Java 17.0.8 with PID 11528 (D:\FlightAgencyClient\target\classes started by F.Almasian in D:\FlightAgencyClient)
11:08:33.026 [main] INFO  c.f.FlightAgencyClientApplication - No active profile set, falling back to 1 default profile: "default"
11:08:33.560 [main] INFO  o.s.b.w.e.tomcat.TomcatWebServer - Tomcat initialized with port(s): 8081 (http)
11:08:33.564 [main] INFO  o.a.coyote.http11.Http11NioProtocol - Initializing ProtocolHandler ["http-nio-8081"]
11:08:33.565 [main] INFO  o.a.catalina.core.StandardService - Starting service [Tomcat]
11:08:33.565 [main] INFO  o.a.catalina.core.StandardEngine - Starting Servlet engine: [Apache Tomcat/10.1.15]
11:08:33.627 [main] INFO  o.a.c.c.C.[Tomcat].[localhost].[/] - Initializing Spring embedded WebApplicationContext
11:08:33.628 [main] INFO  o.s.b.w.s.c.ServletWebServerApplicationContext - Root WebApplicationContext: initialization completed in 561 ms
11:08:33.832 [main] INFO  o.a.coyote.http11.Http11NioProtocol - Starting ProtocolHandler ["http-nio-8081"]
11:08:33.844 [main] INFO  o.s.b.w.e.tomcat.TomcatWebServer - Tomcat started on port(s): 8081 (http) with context path ''
11:08:33.850 [main] INFO  c.f.FlightAgencyClientApplication - Started FlightAgencyClientApplication in 1.057 seconds (process running for 1.571)
11:09:12.227 [main] INFO  c.f.FlightAgencyClientApplication - Starting FlightAgencyClientApplication using Java 17.0.8 with PID 17460 (D:\FlightAgencyClient\target\classes started by F.Almasian in D:\FlightAgencyClient)
11:09:12.229 [main] INFO  c.f.FlightAgencyClientApplication - No active profile set, falling back to 1 default profile: "default"
11:09:12.762 [main] INFO  o.s.b.w.e.tomcat.TomcatWebServer - Tomcat initialized with port(s): 8081 (http)
11:09:12.767 [main] INFO  o.a.coyote.http11.Http11NioProtocol - Initializing ProtocolHandler ["http-nio-8081"]
11:09:12.768 [main] INFO  o.a.catalina.core.StandardService - Starting service [Tomcat]
11:09:12.768 [main] INFO  o.a.catalina.core.StandardEngine - Starting Servlet engine: [Apache Tomcat/10.1.15]
11:09:12.829 [main] INFO  o.a.c.c.C.[Tomcat].[localhost].[/] - Initializing Spring embedded WebApplicationContext
11:09:12.830 [main] INFO  o.s.b.w.s.c.ServletWebServerApplicationContext - Root WebApplicationContext: initialization completed in 562 ms
11:09:13.027 [main] INFO  o.a.coyote.http11.Http11NioProtocol - Starting ProtocolHandler ["http-nio-8081"]
11:09:13.040 [main] INFO  o.s.b.w.e.tomcat.TomcatWebServer - Tomcat started on port(s): 8081 (http) with context path ''
11:09:13.045 [main] INFO  c.f.FlightAgencyClientApplication - Started FlightAgencyClientApplication in 1.091 seconds (process running for 1.776)
11:09:26.940 [main] INFO  c.f.FlightAgencyClientApplication - Starting FlightAgencyClientApplication using Java 17.0.8 with PID 15584 (D:\FlightAgencyClient\target\classes started by F.Almasian in D:\FlightAgencyClient)
11:09:26.942 [main] INFO  c.f.FlightAgencyClientApplication - No active profile set, falling back to 1 default profile: "default"
11:09:27.472 [main] INFO  o.s.b.w.e.tomcat.TomcatWebServer - Tomcat initialized with port(s): 8081 (http)
11:09:27.477 [main] INFO  o.a.coyote.http11.Http11NioProtocol - Initializing ProtocolHandler ["http-nio-8081"]
11:09:27.478 [main] INFO  o.a.catalina.core.StandardService - Starting service [Tomcat]
11:09:27.478 [main] INFO  o.a.catalina.core.StandardEngine - Starting Servlet engine: [Apache Tomcat/10.1.15]
11:09:27.538 [main] INFO  o.a.c.c.C.[Tomcat].[localhost].[/] - Initializing Spring embedded WebApplicationContext
11:09:27.539 [main] INFO  o.s.b.w.s.c.ServletWebServerApplicationContext - Root WebApplicationContext: initialization completed in 560 ms
11:09:27.735 [main] INFO  o.a.coyote.http11.Http11NioProtocol - Starting ProtocolHandler ["http-nio-8081"]
11:09:27.745 [main] INFO  o.s.b.w.e.tomcat.TomcatWebServer - Tomcat started on port(s): 8081 (http) with context path ''
11:09:27.751 [main] INFO  c.f.FlightAgencyClientApplication - Started FlightAgencyClientApplication in 1.036 seconds (process running for 1.857)
11:55:37.609 [main] INFO  c.f.FlightAgencyClientApplication - Starting FlightAgencyClientApplication using Java 17.0.8 with PID 16760 (D:\FlightAgencyClient\target\classes started by F.Almasian in D:\FlightAgencyClient)
11:55:37.611 [main] INFO  c.f.FlightAgencyClientApplication - No active profile set, falling back to 1 default profile: "default"
11:55:38.205 [main] INFO  o.s.b.w.e.tomcat.TomcatWebServer - Tomcat initialized with port(s): 8081 (http)
11:55:38.210 [main] INFO  o.a.coyote.http11.Http11NioProtocol - Initializing ProtocolHandler ["http-nio-8081"]
11:55:38.211 [main] INFO  o.a.catalina.core.StandardService - Starting service [Tomcat]
11:55:38.211 [main] INFO  o.a.catalina.core.StandardEngine - Starting Servlet engine: [Apache Tomcat/10.1.15]
11:55:38.283 [main] INFO  o.a.c.c.C.[Tomcat].[localhost].[/] - Initializing Spring embedded WebApplicationContext
11:55:38.284 [main] INFO  o.s.b.w.s.c.ServletWebServerApplicationContext - Root WebApplicationContext: initialization completed in 632 ms
11:55:38.531 [main] INFO  o.a.coyote.http11.Http11NioProtocol - Starting ProtocolHandler ["http-nio-8081"]
11:55:38.544 [main] INFO  o.s.b.w.e.tomcat.TomcatWebServer - Tomcat started on port(s): 8081 (http) with context path ''
11:55:38.552 [main] INFO  c.f.FlightAgencyClientApplication - Started FlightAgencyClientApplication in 1.19 seconds (process running for 1.781)
12:15:49.780 [main] INFO  c.f.FlightAgencyClientApplication - Starting FlightAgencyClientApplication using Java 17.0.8 with PID 3640 (D:\FlightAgencyClient\target\classes started by F.Almasian in D:\FlightAgencyClient)
12:15:49.782 [main] INFO  c.f.FlightAgencyClientApplication - No active profile set, falling back to 1 default profile: "default"
12:15:50.315 [main] INFO  o.s.b.w.e.tomcat.TomcatWebServer - Tomcat initialized with port(s): 8081 (http)
12:15:50.319 [main] INFO  o.a.coyote.http11.Http11NioProtocol - Initializing ProtocolHandler ["http-nio-8081"]
12:15:50.320 [main] INFO  o.a.catalina.core.StandardService - Starting service [Tomcat]
12:15:50.320 [main] INFO  o.a.catalina.core.StandardEngine - Starting Servlet engine: [Apache Tomcat/10.1.15]
12:15:50.379 [main] INFO  o.a.c.c.C.[Tomcat].[localhost].[/] - Initializing Spring embedded WebApplicationContext
12:15:50.379 [main] INFO  o.s.b.w.s.c.ServletWebServerApplicationContext - Root WebApplicationContext: initialization completed in 561 ms
12:15:50.575 [main] INFO  o.a.coyote.http11.Http11NioProtocol - Starting ProtocolHandler ["http-nio-8081"]
12:15:50.587 [main] INFO  o.s.b.w.e.tomcat.TomcatWebServer - Tomcat started on port(s): 8081 (http) with context path ''
12:15:50.593 [main] INFO  c.f.FlightAgencyClientApplication - Started FlightAgencyClientApplication in 1.069 seconds (process running for 1.56)
12:18:26.169 [main] INFO  c.f.FlightAgencyClientApplication - Starting FlightAgencyClientApplication using Java 17.0.8 with PID 19344 (D:\FlightAgencyClient\target\classes started by F.Almasian in D:\FlightAgencyClient)
12:18:26.171 [main] INFO  c.f.FlightAgencyClientApplication - No active profile set, falling back to 1 default profile: "default"
12:18:26.709 [main] INFO  o.s.b.w.e.tomcat.TomcatWebServer - Tomcat initialized with port(s): 8081 (http)
12:18:26.713 [main] INFO  o.a.coyote.http11.Http11NioProtocol - Initializing ProtocolHandler ["http-nio-8081"]
12:18:26.714 [main] INFO  o.a.catalina.core.StandardService - Starting service [Tomcat]
12:18:26.715 [main] INFO  o.a.catalina.core.StandardEngine - Starting Servlet engine: [Apache Tomcat/10.1.15]
12:18:26.776 [main] INFO  o.a.c.c.C.[Tomcat].[localhost].[/] - Initializing Spring embedded WebApplicationContext
12:18:26.777 [main] INFO  o.s.b.w.s.c.ServletWebServerApplicationContext - Root WebApplicationContext: initialization completed in 565 ms
12:18:26.979 [main] INFO  o.a.coyote.http11.Http11NioProtocol - Starting ProtocolHandler ["http-nio-8081"]
12:18:26.991 [main] INFO  o.s.b.w.e.tomcat.TomcatWebServer - Tomcat started on port(s): 8081 (http) with context path ''
12:18:26.997 [main] INFO  c.f.FlightAgencyClientApplication - Started FlightAgencyClientApplication in 1.097 seconds (process running for 1.668)
12:19:18.319 [main] INFO  c.f.FlightAgencyClientApplication - Starting FlightAgencyClientApplication using Java 17.0.8 with PID 14356 (D:\FlightAgencyClient\target\classes started by F.Almasian in D:\FlightAgencyClient)
12:19:18.321 [main] INFO  c.f.FlightAgencyClientApplication - No active profile set, falling back to 1 default profile: "default"
12:19:18.844 [main] INFO  o.s.b.w.e.tomcat.TomcatWebServer - Tomcat initialized with port(s): 8081 (http)
12:19:18.849 [main] INFO  o.a.coyote.http11.Http11NioProtocol - Initializing ProtocolHandler ["http-nio-8081"]
12:19:18.850 [main] INFO  o.a.catalina.core.StandardService - Starting service [Tomcat]
12:19:18.850 [main] INFO  o.a.catalina.core.StandardEngine - Starting Servlet engine: [Apache Tomcat/10.1.15]
12:19:18.909 [main] INFO  o.a.c.c.C.[Tomcat].[localhost].[/] - Initializing Spring embedded WebApplicationContext
12:19:18.910 [main] INFO  o.s.b.w.s.c.ServletWebServerApplicationContext - Root WebApplicationContext: initialization completed in 549 ms
12:19:19.100 [main] INFO  o.a.coyote.http11.Http11NioProtocol - Starting ProtocolHandler ["http-nio-8081"]
12:19:19.112 [main] INFO  o.s.b.w.e.tomcat.TomcatWebServer - Tomcat started on port(s): 8081 (http) with context path ''
12:19:19.118 [main] INFO  c.f.FlightAgencyClientApplication - Started FlightAgencyClientApplication in 1.04 seconds (process running for 1.581)
12:20:14.722 [main] INFO  c.f.FlightAgencyClientApplication - Starting FlightAgencyClientApplication using Java 17.0.8 with PID 19544 (D:\FlightAgencyClient\target\classes started by F.Almasian in D:\FlightAgencyClient)
12:20:14.724 [main] INFO  c.f.FlightAgencyClientApplication - No active profile set, falling back to 1 default profile: "default"
12:20:15.259 [main] INFO  o.s.b.w.e.tomcat.TomcatWebServer - Tomcat initialized with port(s): 8081 (http)
12:20:15.264 [main] INFO  o.a.coyote.http11.Http11NioProtocol - Initializing ProtocolHandler ["http-nio-8081"]
12:20:15.265 [main] INFO  o.a.catalina.core.StandardService - Starting service [Tomcat]
12:20:15.265 [main] INFO  o.a.catalina.core.StandardEngine - Starting Servlet engine: [Apache Tomcat/10.1.15]
12:20:15.324 [main] INFO  o.a.c.c.C.[Tomcat].[localhost].[/] - Initializing Spring embedded WebApplicationContext
12:20:15.325 [main] INFO  o.s.b.w.s.c.ServletWebServerApplicationContext - Root WebApplicationContext: initialization completed in 565 ms
12:20:15.584 [main] INFO  o.a.coyote.http11.Http11NioProtocol - Starting ProtocolHandler ["http-nio-8081"]
12:20:15.597 [main] INFO  o.s.b.w.e.tomcat.TomcatWebServer - Tomcat started on port(s): 8081 (http) with context path ''
12:20:15.603 [main] INFO  c.f.FlightAgencyClientApplication - Started FlightAgencyClientApplication in 1.109 seconds (process running for 1.725)
14:30:40.034 [main] INFO  c.f.FlightAgencyClientApplication - Starting FlightAgencyClientApplication using Java 17.0.8 with PID 12448 (D:\FlightAgencyClient\target\classes started by F.Almasian in D:\FlightAgencyClient)
14:30:40.035 [main] INFO  c.f.FlightAgencyClientApplication - No active profile set, falling back to 1 default profile: "default"
14:30:40.572 [main] INFO  o.s.b.w.e.tomcat.TomcatWebServer - Tomcat initialized with port(s): 8081 (http)
14:30:40.577 [main] INFO  o.a.coyote.http11.Http11NioProtocol - Initializing ProtocolHandler ["http-nio-8081"]
14:30:40.578 [main] INFO  o.a.catalina.core.StandardService - Starting service [Tomcat]
14:30:40.578 [main] INFO  o.a.catalina.core.StandardEngine - Starting Servlet engine: [Apache Tomcat/10.1.15]
14:30:40.639 [main] INFO  o.a.c.c.C.[Tomcat].[localhost].[/] - Initializing Spring embedded WebApplicationContext
14:30:40.640 [main] INFO  o.s.b.w.s.c.ServletWebServerApplicationContext - Root WebApplicationContext: initialization completed in 572 ms
14:30:40.868 [main] INFO  o.a.coyote.http11.Http11NioProtocol - Starting ProtocolHandler ["http-nio-8081"]
14:30:40.880 [main] INFO  o.s.b.w.e.tomcat.TomcatWebServer - Tomcat started on port(s): 8081 (http) with context path ''
14:30:40.887 [main] INFO  c.f.FlightAgencyClientApplication - Started FlightAgencyClientApplication in 1.16 seconds (process running for 1.651)
14:36:14.711 [main] INFO  c.f.FlightAgencyClientApplication - Starting FlightAgencyClientApplication using Java 17.0.8 with PID 456 (D:\FlightAgencyClient\target\classes started by F.Almasian in D:\FlightAgencyClient)
14:36:14.713 [main] INFO  c.f.FlightAgencyClientApplication - No active profile set, falling back to 1 default profile: "default"
14:36:15.248 [main] INFO  o.s.b.w.e.tomcat.TomcatWebServer - Tomcat initialized with port(s): 8081 (http)
14:36:15.252 [main] INFO  o.a.coyote.http11.Http11NioProtocol - Initializing ProtocolHandler ["http-nio-8081"]
14:36:15.253 [main] INFO  o.a.catalina.core.StandardService - Starting service [Tomcat]
14:36:15.254 [main] INFO  o.a.catalina.core.StandardEngine - Starting Servlet engine: [Apache Tomcat/10.1.15]
14:36:15.316 [main] INFO  o.a.c.c.C.[Tomcat].[localhost].[/] - Initializing Spring embedded WebApplicationContext
14:36:15.317 [main] INFO  o.s.b.w.s.c.ServletWebServerApplicationContext - Root WebApplicationContext: initialization completed in 566 ms
14:36:15.513 [main] INFO  o.a.coyote.http11.Http11NioProtocol - Starting ProtocolHandler ["http-nio-8081"]
14:36:15.525 [main] INFO  o.s.b.w.e.tomcat.TomcatWebServer - Tomcat started on port(s): 8081 (http) with context path ''
14:36:15.531 [main] INFO  c.f.FlightAgencyClientApplication - Started FlightAgencyClientApplication in 1.093 seconds (process running for 1.725)
14:36:31.829 [main] INFO  c.f.FlightAgencyClientApplication - Starting FlightAgencyClientApplication using Java 17.0.8 with PID 18052 (D:\FlightAgencyClient\target\classes started by F.Almasian in D:\FlightAgencyClient)
14:36:31.831 [main] INFO  c.f.FlightAgencyClientApplication - No active profile set, falling back to 1 default profile: "default"
14:36:32.365 [main] INFO  o.s.b.w.e.tomcat.TomcatWebServer - Tomcat initialized with port(s): 8081 (http)
14:36:32.371 [main] INFO  o.a.coyote.http11.Http11NioProtocol - Initializing ProtocolHandler ["http-nio-8081"]
14:36:32.372 [main] INFO  o.a.catalina.core.StandardService - Starting service [Tomcat]
14:36:32.372 [main] INFO  o.a.catalina.core.StandardEngine - Starting Servlet engine: [Apache Tomcat/10.1.15]
14:36:32.432 [main] INFO  o.a.c.c.C.[Tomcat].[localhost].[/] - Initializing Spring embedded WebApplicationContext
14:36:32.433 [main] INFO  o.s.b.w.s.c.ServletWebServerApplicationContext - Root WebApplicationContext: initialization completed in 563 ms
14:36:32.630 [main] INFO  o.a.coyote.http11.Http11NioProtocol - Starting ProtocolHandler ["http-nio-8081"]
14:36:32.642 [main] INFO  o.s.b.w.e.tomcat.TomcatWebServer - Tomcat started on port(s): 8081 (http) with context path ''
14:36:32.648 [main] INFO  c.f.FlightAgencyClientApplication - Started FlightAgencyClientApplication in 1.073 seconds (process running for 1.692)
14:37:26.654 [main] INFO  c.f.FlightAgencyClientApplication - Starting FlightAgencyClientApplication using Java 17.0.8 with PID 16976 (D:\FlightAgencyClient\target\classes started by F.Almasian in D:\FlightAgencyClient)
14:37:26.657 [main] INFO  c.f.FlightAgencyClientApplication - No active profile set, falling back to 1 default profile: "default"
14:37:27.251 [main] INFO  o.s.b.w.e.tomcat.TomcatWebServer - Tomcat initialized with port(s): 8081 (http)
14:37:27.256 [main] INFO  o.a.coyote.http11.Http11NioProtocol - Initializing ProtocolHandler ["http-nio-8081"]
14:37:27.257 [main] INFO  o.a.catalina.core.StandardService - Starting service [Tomcat]
14:37:27.257 [main] INFO  o.a.catalina.core.StandardEngine - Starting Servlet engine: [Apache Tomcat/10.1.15]
14:37:27.322 [main] INFO  o.a.c.c.C.[Tomcat].[localhost].[/] - Initializing Spring embedded WebApplicationContext
14:37:27.323 [main] INFO  o.s.b.w.s.c.ServletWebServerApplicationContext - Root WebApplicationContext: initialization completed in 620 ms
14:37:27.529 [main] INFO  o.a.coyote.http11.Http11NioProtocol - Starting ProtocolHandler ["http-nio-8081"]
14:37:27.541 [main] INFO  o.s.b.w.e.tomcat.TomcatWebServer - Tomcat started on port(s): 8081 (http) with context path ''
14:37:27.547 [main] INFO  c.f.FlightAgencyClientApplication - Started FlightAgencyClientApplication in 1.19 seconds (process running for 1.787)
14:52:51.794 [main] INFO  c.f.FlightAgencyClientApplication - Starting FlightAgencyClientApplication using Java 17.0.8 with PID 3448 (D:\FlightAgencyClient\target\classes started by F.Almasian in D:\FlightAgencyClient)
14:52:51.795 [main] INFO  c.f.FlightAgencyClientApplication - No active profile set, falling back to 1 default profile: "default"
14:52:52.337 [main] INFO  o.s.b.w.e.tomcat.TomcatWebServer - Tomcat initialized with port(s): 8081 (http)
14:52:52.341 [main] INFO  o.a.coyote.http11.Http11NioProtocol - Initializing ProtocolHandler ["http-nio-8081"]
14:52:52.343 [main] INFO  o.a.catalina.core.StandardService - Starting service [Tomcat]
14:52:52.343 [main] INFO  o.a.catalina.core.StandardEngine - Starting Servlet engine: [Apache Tomcat/10.1.15]
14:52:52.403 [main] INFO  o.a.c.c.C.[Tomcat].[localhost].[/] - Initializing Spring embedded WebApplicationContext
14:52:52.404 [main] INFO  o.s.b.w.s.c.ServletWebServerApplicationContext - Root WebApplicationContext: initialization completed in 571 ms
14:52:52.619 [main] INFO  o.a.coyote.http11.Http11NioProtocol - Starting ProtocolHandler ["http-nio-8081"]
14:52:52.630 [main] INFO  o.s.b.w.e.tomcat.TomcatWebServer - Tomcat started on port(s): 8081 (http) with context path ''
14:52:52.636 [main] INFO  c.f.FlightAgencyClientApplication - Started FlightAgencyClientApplication in 1.1 seconds (process running for 1.703)
14:54:19.061 [main] INFO  c.f.FlightAgencyClientApplication - Starting FlightAgencyClientApplication using Java 17.0.8 with PID 7672 (D:\FlightAgencyClient\target\classes started by F.Almasian in D:\FlightAgencyClient)
14:54:19.063 [main] INFO  c.f.FlightAgencyClientApplication - No active profile set, falling back to 1 default profile: "default"
14:54:19.600 [main] INFO  o.s.b.w.e.tomcat.TomcatWebServer - Tomcat initialized with port(s): 8081 (http)
14:54:19.606 [main] INFO  o.a.coyote.http11.Http11NioProtocol - Initializing ProtocolHandler ["http-nio-8081"]
14:54:19.607 [main] INFO  o.a.catalina.core.StandardService - Starting service [Tomcat]
14:54:19.607 [main] INFO  o.a.catalina.core.StandardEngine - Starting Servlet engine: [Apache Tomcat/10.1.15]
14:54:19.666 [main] INFO  o.a.c.c.C.[Tomcat].[localhost].[/] - Initializing Spring embedded WebApplicationContext
14:54:19.667 [main] INFO  o.s.b.w.s.c.ServletWebServerApplicationContext - Root WebApplicationContext: initialization completed in 564 ms
14:54:19.864 [main] INFO  o.a.coyote.http11.Http11NioProtocol - Starting ProtocolHandler ["http-nio-8081"]
14:54:19.874 [main] INFO  o.s.b.w.e.tomcat.TomcatWebServer - Tomcat started on port(s): 8081 (http) with context path ''
14:54:19.880 [main] INFO  c.f.FlightAgencyClientApplication - Started FlightAgencyClientApplication in 1.11 seconds (process running for 1.701)
14:57:17.321 [main] INFO  c.f.FlightAgencyClientApplication - Starting FlightAgencyClientApplication using Java 17.0.8 with PID 10964 (D:\FlightAgencyClient\target\classes started by F.Almasian in D:\FlightAgencyClient)
14:57:17.323 [main] INFO  c.f.FlightAgencyClientApplication - No active profile set, falling back to 1 default profile: "default"
14:57:17.880 [main] INFO  o.s.b.w.e.tomcat.TomcatWebServer - Tomcat initialized with port(s): 8081 (http)
14:57:17.884 [main] INFO  o.a.coyote.http11.Http11NioProtocol - Initializing ProtocolHandler ["http-nio-8081"]
14:57:17.885 [main] INFO  o.a.catalina.core.StandardService - Starting service [Tomcat]
14:57:17.885 [main] INFO  o.a.catalina.core.StandardEngine - Starting Servlet engine: [Apache Tomcat/10.1.15]
14:57:17.949 [main] INFO  o.a.c.c.C.[Tomcat].[localhost].[/] - Initializing Spring embedded WebApplicationContext
14:57:17.950 [main] INFO  o.s.b.w.s.c.ServletWebServerApplicationContext - Root WebApplicationContext: initialization completed in 592 ms
14:57:18.159 [main] INFO  o.a.coyote.http11.Http11NioProtocol - Starting ProtocolHandler ["http-nio-8081"]
14:57:18.172 [main] INFO  o.s.b.w.e.tomcat.TomcatWebServer - Tomcat started on port(s): 8081 (http) with context path ''
14:57:18.178 [main] INFO  c.f.FlightAgencyClientApplication - Started FlightAgencyClientApplication in 1.089 seconds (process running for 2.447)
14:58:07.311 [main] INFO  c.f.FlightAgencyClientApplication - Starting FlightAgencyClientApplication using Java 17.0.8 with PID 11740 (D:\FlightAgencyClient\target\classes started by F.Almasian in D:\FlightAgencyClient)
14:58:07.313 [main] INFO  c.f.FlightAgencyClientApplication - No active profile set, falling back to 1 default profile: "default"
14:58:07.903 [main] INFO  o.s.b.w.e.tomcat.TomcatWebServer - Tomcat initialized with port(s): 8081 (http)
14:58:07.907 [main] INFO  o.a.coyote.http11.Http11NioProtocol - Initializing ProtocolHandler ["http-nio-8081"]
14:58:07.908 [main] INFO  o.a.catalina.core.StandardService - Starting service [Tomcat]
14:58:07.909 [main] INFO  o.a.catalina.core.StandardEngine - Starting Servlet engine: [Apache Tomcat/10.1.15]
14:58:07.967 [main] INFO  o.a.c.c.C.[Tomcat].[localhost].[/] - Initializing Spring embedded WebApplicationContext
14:58:07.968 [main] INFO  o.s.b.w.s.c.ServletWebServerApplicationContext - Root WebApplicationContext: initialization completed in 612 ms
14:58:08.170 [main] INFO  o.a.coyote.http11.Http11NioProtocol - Starting ProtocolHandler ["http-nio-8081"]
14:58:08.182 [main] INFO  o.s.b.w.e.tomcat.TomcatWebServer - Tomcat started on port(s): 8081 (http) with context path ''
14:58:08.188 [main] INFO  c.f.FlightAgencyClientApplication - Started FlightAgencyClientApplication in 1.13 seconds (process running for 1.649)
